<?xml version="1.0" encoding="UTF-8"?>
<!-- Generated by org.testng.reporters.JUnitReportReporter -->
<testsuite skipped="0" hostname="apples-MacBook-Pro.local" name="com.testLeaf.SeleniumAutomation.BuyProperty" tests="1" failures="0" timestamp="2020-06-17T12:07:31 IST" time="43.190" errors="0">
  <testcase name="buyProperty" time="43.190" classname="com.testLeaf.SeleniumAutomation.BuyProperty"/>
</testsuite> <!-- com.testLeaf.SeleniumAutomation.BuyProperty -->
