<?xml version="1.0" encoding="UTF-8"?>
<!-- Generated by org.testng.reporters.JUnitReportReporter -->
<testsuite skipped="1" hostname="apples-MacBook-Pro.local" name="com.testLeaf.SeleniumAutomation.AppiumServerWithService" tests="2" failures="0" timestamp="2020-05-17T15:51:06 IST" time="0.295" errors="1">
  <testcase name="test" time="0.000" classname="com.testLeaf.SeleniumAutomation.AppiumServerWithService">
    <skipped/>
  </testcase> <!-- test -->
  <testcase name="startAppiumServer" time="0.295" classname="com.testLeaf.SeleniumAutomation.AppiumServerWithService">
    <error type="io.appium.java_client.service.local.AppiumServerHasNotBeenStartedLocallyException" message="The local appium server has not been started. The given Node.js executable: /usr/local/bin/node Arguments: [/usr/local/bin/appium, --port, 8131, --address, 0.0.0.0] 
">
      <![CDATA[io.appium.java_client.service.local.AppiumServerHasNotBeenStartedLocallyException: The local appium server has not been started. The given Node.js executable: /usr/local/bin/node Arguments: [/usr/local/bin/appium, --port, 8131, --address, 0.0.0.0] 

at io.appium.java_client.service.local.AppiumDriverLocalService.start(AppiumDriverLocalService.java:161)
at com.testLeaf.SeleniumAutomation.AppiumServerWithService.startAppiumServer(AppiumServerWithService.java:39)
at sun.reflect.NativeMethodAccessorImpl.invoke0(Native Method)
at sun.reflect.NativeMethodAccessorImpl.invoke(NativeMethodAccessorImpl.java:62)
at sun.reflect.DelegatingMethodAccessorImpl.invoke(DelegatingMethodAccessorImpl.java:43)
at java.lang.reflect.Method.invoke(Method.java:498)
at org.testng.internal.MethodInvocationHelper.invokeMethod(MethodInvocationHelper.java:133)
at org.testng.internal.MethodInvocationHelper.invokeMethodConsideringTimeout(MethodInvocationHelper.java:62)
at org.testng.internal.ConfigInvoker.invokeConfigurationMethod(ConfigInvoker.java:340)
at org.testng.internal.ConfigInvoker.invokeConfigurations(ConfigInvoker.java:294)
at org.testng.SuiteRunner.privateRun(SuiteRunner.java:345)
at org.testng.SuiteRunner.run(SuiteRunner.java:304)
at org.testng.SuiteRunnerWorker.runSuite(SuiteRunnerWorker.java:53)
at org.testng.SuiteRunnerWorker.run(SuiteRunnerWorker.java:96)
at org.testng.TestNG.runSuitesSequentially(TestNG.java:1180)
at org.testng.TestNG.runSuitesLocally(TestNG.java:1102)
at org.testng.TestNG.runSuites(TestNG.java:1032)
at org.testng.TestNG.run(TestNG.java:1000)
at org.testng.remote.AbstractRemoteTestNG.run(AbstractRemoteTestNG.java:115)
at org.testng.remote.RemoteTestNG.initAndRun(RemoteTestNG.java:251)
at org.testng.remote.RemoteTestNG.main(RemoteTestNG.java:77)
Caused by: java.lang.NoSuchMethodError: com.google.common.util.concurrent.SimpleTimeLimiter.create(Ljava/util/concurrent/ExecutorService;)Lcom/google/common/util/concurrent/SimpleTimeLimiter;
at org.openqa.selenium.net.UrlChecker.<init>(UrlChecker.java:62)
at io.appium.java_client.service.local.AppiumDriverLocalService.ping(AppiumDriverLocalService.java:125)
at io.appium.java_client.service.local.AppiumDriverLocalService.start(AppiumDriverLocalService.java:148)
... 20 more
]]>
    </error>
  </testcase> <!-- startAppiumServer -->
</testsuite> <!-- com.testLeaf.SeleniumAutomation.AppiumServerWithService -->
